query history:  query FindAllProject {
    FindAllProject {
        id
        category
        title
        description
        image
        url
        is_featured
        date
        working_type
        created_at
        updated_at
        skills {
            name
            category_skill {
                name
            }
        }
    }
}query history:  query FindAllProject {
    FindAllProject {
        id
        category
        title
        description
        image
        url
        is_featured
        date
        working_type
        created_at
        updated_at
        skills {
            name
            category_skill {
                name
            }
        }
    }
}[2023-06-06 17:27:25.4751602 +0700 +07 m=+12.418091401] | query history:  query FindAllProject {
    FindAllProject {
        id
        category
        title
        description
        image
        url
        is_featured
        date
        working_type
        created_at
        updated_at
        skills {
            name
            category_skill {
                name
            }
        }
    }
}
[06 Jun 23 17:28 +07] | query history:  query FindAllProject {
    FindAllProject {
        id
        category
        title
        description
        image
        url
        is_featured
        date
        working_type
        created_at
        updated_at
        skills {
            name
            category_skill {
                name
            }
        }
    }
}
[06 Jun 23 17:28 +07] | query history:  query FindAllProject {
    FindAllProject {
        id
        category
        title
        description
        image
        url
        is_featured
        date
        working_type
        created_at
        updated_at
        skills {
            name
            category_skill {
                name
            }
        }
    }
}
[06 Jun 23 17:28 +07] | query history:  query FindAllUser {
    FindAllUser {
        id
        name
        email
        bio
        pronouns
        country
        job_title
        image
        created_at
        updated_at
    }
}
[06 Jun 23 17:29 +07] | query history:  query FindByIDUser ($id: ID!) {
    FindByIDUser (id: $id) {
        id
        name
        email
        bio
        pronouns
        country
        job_title
        image
        created_at
        updated_at
    }
}
[06 Jun 23 17:29 +07] | query history:  query FindByIDUser ($id: ID!) {
    FindByIDUser (id: $id) {
        id
        name
        email
        bio
        pronouns
        country
        job_title
        image
        created_at
        updated_at
    }
}
[06 Jun 23 17:31 +07] | query history:  query FindByIDUser ($id: ID!) {
    FindByIDUser (id: $id) {
        id
        name
        email
        bio
        pronouns
        country
        job_title
        image
        created_at
        updated_at
    }
}
